\BOOKMARK [0][-]{chapter.1}{\376\377\0001\000\040\000\315\000n\000d\000i\000c\000e\000\040\000d\000e\000\040\000e\000s\000t\000r\000u\000c\000t\000u\000r\000a\000s\000\040\000d\000e\000\040\000d\000a\000t\000o\000s}{}% 1
\BOOKMARK [1][-]{section.1.1}{\376\377\0001\000.\0001\000\040\000E\000s\000t\000r\000u\000c\000t\000u\000r\000a\000s\000\040\000d\000e\000\040\000d\000a\000t\000o\000s}{chapter.1}% 2
\BOOKMARK [0][-]{chapter.2}{\376\377\0002\000\040\000\315\000n\000d\000i\000c\000e\000\040\000d\000e\000\040\000a\000r\000c\000h\000i\000v\000o\000s}{}% 3
\BOOKMARK [1][-]{section.2.1}{\376\377\0002\000.\0001\000\040\000L\000i\000s\000t\000a\000\040\000d\000e\000\040\000a\000r\000c\000h\000i\000v\000o\000s}{chapter.2}% 4
\BOOKMARK [0][-]{chapter.3}{\376\377\0003\000\040\000D\000o\000c\000u\000m\000e\000n\000t\000a\000c\000i\000\363\000n\000\040\000d\000e\000\040\000e\000s\000t\000r\000u\000c\000t\000u\000r\000a\000s\000\040\000d\000e\000\040\000d\000a\000t\000o\000s}{}% 5
\BOOKMARK [1][-]{section.3.1}{\376\377\0003\000.\0001\000\040\000R\000e\000f\000e\000r\000e\000n\000c\000i\000a\000\040\000d\000e\000\040\000l\000a\000\040\000c\000l\000a\000s\000e\000\040\000a\000l\000i\000m\000e\000n\000t\000o}{chapter.3}% 6
\BOOKMARK [2][-]{subsection.3.1.1}{\376\377\0003\000.\0001\000.\0001\000\040\000D\000e\000s\000c\000r\000i\000p\000c\000i\000\363\000n\000\040\000d\000e\000t\000a\000l\000l\000a\000d\000a}{section.3.1}% 7
\BOOKMARK [2][-]{subsection.3.1.2}{\376\377\0003\000.\0001\000.\0002\000\040\000D\000o\000c\000u\000m\000e\000n\000t\000a\000c\000i\000\363\000n\000\040\000d\000e\000\040\000c\000o\000n\000s\000t\000r\000u\000c\000t\000o\000r\000e\000s\000\040\000y\000\040\000d\000e\000s\000t\000r\000u\000c\000t\000o\000r\000e\000s}{section.3.1}% 8
\BOOKMARK [3][-]{subsubsection.3.1.2.1}{\376\377\0003\000.\0001\000.\0002\000.\0001\000\040\000a\000l\000i\000m\000e\000n\000t\000o\000\050\000\051}{subsection.3.1.2}% 9
\BOOKMARK [1][-]{section.3.2}{\376\377\0003\000.\0002\000\040\000R\000e\000f\000e\000r\000e\000n\000c\000i\000a\000\040\000d\000e\000\040\000l\000a\000\040\000c\000l\000a\000s\000e\000\040\000e\000l\000e\000c\000t\000r\000o}{chapter.3}% 10
\BOOKMARK [2][-]{subsection.3.2.1}{\376\377\0003\000.\0002\000.\0001\000\040\000D\000e\000s\000c\000r\000i\000p\000c\000i\000\363\000n\000\040\000d\000e\000t\000a\000l\000l\000a\000d\000a}{section.3.2}% 11
\BOOKMARK [2][-]{subsection.3.2.2}{\376\377\0003\000.\0002\000.\0002\000\040\000D\000o\000c\000u\000m\000e\000n\000t\000a\000c\000i\000\363\000n\000\040\000d\000e\000\040\000c\000o\000n\000s\000t\000r\000u\000c\000t\000o\000r\000e\000s\000\040\000y\000\040\000d\000e\000s\000t\000r\000u\000c\000t\000o\000r\000e\000s}{section.3.2}% 12
\BOOKMARK [3][-]{subsubsection.3.2.2.1}{\376\377\0003\000.\0002\000.\0002\000.\0001\000\040\000e\000l\000e\000c\000t\000r\000o\000\050\000\051}{subsection.3.2.2}% 13
\BOOKMARK [1][-]{section.3.3}{\376\377\0003\000.\0003\000\040\000R\000e\000f\000e\000r\000e\000n\000c\000i\000a\000\040\000d\000e\000\040\000l\000a\000\040\000c\000l\000a\000s\000e\000\040\000f\000e\000c\000h\000a}{chapter.3}% 14
\BOOKMARK [2][-]{subsection.3.3.1}{\376\377\0003\000.\0003\000.\0001\000\040\000D\000e\000s\000c\000r\000i\000p\000c\000i\000\363\000n\000\040\000d\000e\000t\000a\000l\000l\000a\000d\000a}{section.3.3}% 15
\BOOKMARK [2][-]{subsection.3.3.2}{\376\377\0003\000.\0003\000.\0002\000\040\000D\000o\000c\000u\000m\000e\000n\000t\000a\000c\000i\000\363\000n\000\040\000d\000e\000\040\000c\000o\000n\000s\000t\000r\000u\000c\000t\000o\000r\000e\000s\000\040\000y\000\040\000d\000e\000s\000t\000r\000u\000c\000t\000o\000r\000e\000s}{section.3.3}% 16
\BOOKMARK [3][-]{subsubsection.3.3.2.1}{\376\377\0003\000.\0003\000.\0002\000.\0001\000\040\000f\000e\000c\000h\000a\000\050\000\051}{subsection.3.3.2}% 17
\BOOKMARK [1][-]{section.3.4}{\376\377\0003\000.\0004\000\040\000R\000e\000f\000e\000r\000e\000n\000c\000i\000a\000\040\000d\000e\000\040\000l\000a\000\040\000c\000l\000a\000s\000e\000\040\000p\000r\000o\000d\000u\000c\000t\000o}{chapter.3}% 18
\BOOKMARK [2][-]{subsection.3.4.1}{\376\377\0003\000.\0004\000.\0001\000\040\000D\000e\000s\000c\000r\000i\000p\000c\000i\000\363\000n\000\040\000d\000e\000t\000a\000l\000l\000a\000d\000a}{section.3.4}% 19
\BOOKMARK [2][-]{subsection.3.4.2}{\376\377\0003\000.\0004\000.\0002\000\040\000D\000o\000c\000u\000m\000e\000n\000t\000a\000c\000i\000\363\000n\000\040\000d\000e\000\040\000c\000o\000n\000s\000t\000r\000u\000c\000t\000o\000r\000e\000s\000\040\000y\000\040\000d\000e\000s\000t\000r\000u\000c\000t\000o\000r\000e\000s}{section.3.4}% 20
\BOOKMARK [3][-]{subsubsection.3.4.2.1}{\376\377\0003\000.\0004\000.\0002\000.\0001\000\040\000p\000r\000o\000d\000u\000c\000t\000o\000\050\000\051}{subsection.3.4.2}% 21
\BOOKMARK [0][-]{chapter.4}{\376\377\0004\000\040\000D\000o\000c\000u\000m\000e\000n\000t\000a\000c\000i\000\363\000n\000\040\000d\000e\000\040\000a\000r\000c\000h\000i\000v\000o\000s}{}% 22
\BOOKMARK [1][-]{section.4.1}{\376\377\0004\000.\0001\000\040\000a\000l\000i\000m\000e\000n\000t\000o\000.\000h}{chapter.4}% 23
\BOOKMARK [1][-]{section.4.2}{\376\377\0004\000.\0002\000\040\000e\000l\000e\000c\000t\000r\000o\000.\000h}{chapter.4}% 24
\BOOKMARK [1][-]{section.4.3}{\376\377\0004\000.\0003\000\040\000f\000e\000c\000h\000a\000.\000h}{chapter.4}% 25
\BOOKMARK [1][-]{section.4.4}{\376\377\0004\000.\0004\000\040\000p\000r\000o\000d\000u\000c\000t\000o\000.\000h}{chapter.4}% 26
\BOOKMARK [0][-]{section*.9}{\376\377\000\315\000n\000d\000i\000c\000e\000\040\000a\000l\000f\000a\000b\000\351\000t\000i\000c\000o}{}% 27
